<?xml version="1.0" encoding="UTF-8"?>
<!-- Generated by org.testng.reporters.JUnitXMLReporter -->
<testsuite ignored="0" hostname="MacBookAir.lan" failures="0" tests="4" name="Default test" time="13.791" errors="0" timestamp="2025-04-23T20:31:55 IST">
  <testcase classname="WebLoginFlow.WebLogin" name="opensite" time="11.11"/>
  <testcase classname="WebLoginFlow.WebLogin" name="enterCrendentials" time="0.933"/>
  <testcase classname="WebLoginFlow.WebLogin" name="clickLogin" time="1.601"/>
  <testcase classname="WebLoginFlow.WebLogin" name="verifyLogin" time="0.075"/>
</testsuite> <!-- Default test -->
